# JRE version: OpenJDK Runtime Environment (8.0_282-b08) (build 1.8.0_282-b08)
# Java VM: OpenJDK 64-Bit Server VM (25.282-b08 mixed mode windows-amd64 compressed oops)
Heap:
 PSYoungGen      total 158208K, used 113632K [0x00000000f5580000, 0x0000000100000000, 0x0000000100000000)
  eden space 142336K, 68% used [0x00000000f5580000,0x00000000fb4f9030,0x00000000fe080000)
  from space 15872K, 99% used [0x00000000fe080000,0x00000000fefff200,0x00000000ff000000)
  to   space 16384K, 0% used [0x00000000ff000000,0x00000000ff000000,0x0000000100000000)
 ParOldGen       total 175104K, used 19158K [0x00000000e0000000, 0x00000000eab00000, 0x00000000f5580000)
  object space 175104K, 10% used [0x00000000e0000000,0x00000000e12b5a08,0x00000000eab00000)
 Metaspace       used 51091K, capacity 53156K, committed 53376K, reserved 1095680K
  class space    used 7014K, capacity 7536K, committed 7552K, reserved 1048576K
GC Heap History (10 events):
Event: 2.155 GC heap before
{Heap before GC invocations=5 (full 1):
 PSYoungGen      total 141824K, used 7516K [0x00000000f5580000, 0x00000000fea80000, 0x0000000100000000)
  eden space 131072K, 0% used [0x00000000f5580000,0x00000000f5580000,0x00000000fd580000)
  from space 10752K, 69% used [0x00000000fe000000,0x00000000fe757010,0x00000000fea80000)
  to   space 10752K, 0% used [0x00000000fd580000,0x00000000fd580000,0x00000000fe000000)
 ParOldGen       total 175104K, used 698K [0x00000000e0000000, 0x00000000eab00000, 0x00000000f5580000)
  object space 175104K, 0% used [0x00000000e0000000,0x00000000e00ae9e0,0x00000000eab00000)
 Metaspace       used 20701K, capacity 21246K, committed 21296K, reserved 1067008K
  class space    used 2982K, capacity 3159K, committed 3200K, reserved 1048576K
Event: 2.177 GC heap after
Heap after GC invocations=5 (full 1):
 PSYoungGen      total 141824K, used 0K [0x00000000f5580000, 0x00000000fea80000, 0x0000000100000000)
  eden space 131072K, 0% used [0x00000000f5580000,0x00000000f5580000,0x00000000fd580000)
  from space 10752K, 0% used [0x00000000fe000000,0x00000000fe000000,0x00000000fea80000)
  to   space 10752K, 0% used [0x00000000fd580000,0x00000000fd580000,0x00000000fe000000)
 ParOldGen       total 175104K, used 7275K [0x00000000e0000000, 0x00000000eab00000, 0x00000000f5580000)
  object space 175104K, 4% used [0x00000000e0000000,0x00000000e071acf0,0x00000000eab00000)
 Metaspace       used 20701K, capacity 21246K, committed 21296K, reserved 1067008K
  class space    used 2982K, capacity 3159K, committed 3200K, reserved 1048576K
}
Event: 5.012 GC heap before
{Heap before GC invocations=6 (full 1):
 PSYoungGen      total 141824K, used 131072K [0x00000000f5580000, 0x00000000fea80000, 0x0000000100000000)
  eden space 131072K, 100% used [0x00000000f5580000,0x00000000fd580000,0x00000000fd580000)
  from space 10752K, 0% used [0x00000000fe000000,0x00000000fe000000,0x00000000fea80000)
  to   space 10752K, 0% used [0x00000000fd580000,0x00000000fd580000,0x00000000fe000000)
 ParOldGen       total 175104K, used 7275K [0x00000000e0000000, 0x00000000eab00000, 0x00000000f5580000)
  object space 175104K, 4% used [0x00000000e0000000,0x00000000e071acf0,0x00000000eab00000)
 Metaspace       used 32101K, capacity 32912K, committed 33152K, reserved 1077248K
  class space    used 4484K, capacity 4719K, committed 4736K, reserved 1048576K
Event: 5.024 GC heap after
Heap after GC invocations=6 (full 1):
 PSYoungGen      total 141824K, used 10738K [0x00000000f5580000, 0x0000000100000000, 0x0000000100000000)
  eden space 131072K, 0% used [0x00000000f5580000,0x00000000f5580000,0x00000000fd580000)
  from space 10752K, 99% used [0x00000000fd580000,0x00000000fdffc950,0x00000000fe000000)
  to   space 16384K, 0% used [0x00000000ff000000,0x00000000ff000000,0x0000000100000000)
 ParOldGen       total 175104K, used 11212K [0x00000000e0000000, 0x00000000eab00000, 0x00000000f5580000)
  object space 175104K, 6% used [0x00000000e0000000,0x00000000e0af30b8,0x00000000eab00000)
 Metaspace       used 32101K, capacity 32912K, committed 33152K, reserved 1077248K
  class space    used 4484K, capacity 4719K, committed 4736K, reserved 1048576K
}
Event: 5.272 GC heap before
{Heap before GC invocations=7 (full 1):
 PSYoungGen      total 141824K, used 55232K [0x00000000f5580000, 0x0000000100000000, 0x0000000100000000)
  eden space 131072K, 33% used [0x00000000f5580000,0x00000000f80f3978,0x00000000fd580000)
  from space 10752K, 99% used [0x00000000fd580000,0x00000000fdffc950,0x00000000fe000000)
  to   space 16384K, 0% used [0x00000000ff000000,0x00000000ff000000,0x0000000100000000)
 ParOldGen       total 175104K, used 11212K [0x00000000e0000000, 0x00000000eab00000, 0x00000000f5580000)
  object space 175104K, 6% used [0x00000000e0000000,0x00000000e0af30b8,0x00000000eab00000)
 Metaspace       used 34323K, capacity 35352K, committed 35496K, reserved 1079296K
  class space    used 4828K, capacity 5131K, committed 5248K, reserved 1048576K
Event: 5.282 GC heap after
Heap after GC invocations=7 (full 1):
 PSYoungGen      total 158720K, used 10666K [0x00000000f5580000, 0x0000000100000000, 0x0000000100000000)
  eden space 142336K, 0% used [0x00000000f5580000,0x00000000f5580000,0x00000000fe080000)
  from space 16384K, 65% used [0x00000000ff000000,0x00000000ffa6a958,0x0000000100000000)
  to   space 15872K, 0% used [0x00000000fe080000,0x00000000fe080000,0x00000000ff000000)
 ParOldGen       total 175104K, used 11220K [0x00000000e0000000, 0x00000000eab00000, 0x00000000f5580000)
  object space 175104K, 6% used [0x00000000e0000000,0x00000000e0af50b8,0x00000000eab00000)
 Metaspace       used 34323K, capacity 35352K, committed 35496K, reserved 1079296K
  class space    used 4828K, capacity 5131K, committed 5248K, reserved 1048576K
}
Event: 5.282 GC heap before
{Heap before GC invocations=8 (full 2):
 PSYoungGen      total 158720K, used 10666K [0x00000000f5580000, 0x0000000100000000, 0x0000000100000000)
  eden space 142336K, 0% used [0x00000000f5580000,0x00000000f5580000,0x00000000fe080000)
  from space 16384K, 65% used [0x00000000ff000000,0x00000000ffa6a958,0x0000000100000000)
  to   space 15872K, 0% used [0x00000000fe080000,0x00000000fe080000,0x00000000ff000000)
 ParOldGen       total 175104K, used 11220K [0x00000000e0000000, 0x00000000eab00000, 0x00000000f5580000)
  object space 175104K, 6% used [0x00000000e0000000,0x00000000e0af50b8,0x00000000eab00000)
 Metaspace       used 34323K, capacity 35352K, committed 35496K, reserved 1079296K
  class space    used 4828K, capacity 5131K, committed 5248K, reserved 1048576K
Event: 5.315 GC heap after
Heap after GC invocations=8 (full 2):
 PSYoungGen      total 158720K, used 0K [0x00000000f5580000, 0x0000000100000000, 0x0000000100000000)
  eden space 142336K, 0% used [0x00000000f5580000,0x00000000f5580000,0x00000000fe080000)
  from space 16384K, 0% used [0x00000000ff000000,0x00000000ff000000,0x0000000100000000)
  to   space 15872K, 0% used [0x00000000fe080000,0x00000000fe080000,0x00000000ff000000)
 ParOldGen       total 175104K, used 17034K [0x00000000e0000000, 0x00000000eab00000, 0x00000000f5580000)
  object space 175104K, 9% used [0x00000000e0000000,0x00000000e10a2bd8,0x00000000eab00000)
 Metaspace       used 34323K, capacity 35352K, committed 35496K, reserved 1079296K
  class space    used 4828K, capacity 5131K, committed 5248K, reserved 1048576K
}
Event: 6.519 GC heap before
{Heap before GC invocations=9 (full 2):
 PSYoungGen      total 158720K, used 142336K [0x00000000f5580000, 0x0000000100000000, 0x0000000100000000)
  eden space 142336K, 100% used [0x00000000f5580000,0x00000000fe080000,0x00000000fe080000)
  from space 16384K, 0% used [0x00000000ff000000,0x00000000ff000000,0x0000000100000000)
  to   space 15872K, 0% used [0x00000000fe080000,0x00000000fe080000,0x00000000ff000000)
 ParOldGen       total 175104K, used 17034K [0x00000000e0000000, 0x00000000eab00000, 0x00000000f5580000)
  object space 175104K, 9% used [0x00000000e0000000,0x00000000e10a2bd8,0x00000000eab00000)
 Metaspace       used 45801K, capacity 47588K, committed 47744K, reserved 1089536K
  class space    used 6335K, capacity 6755K, committed 6784K, reserved 1048576K
Event: 6.531 GC heap after
Heap after GC invocations=9 (full 2):
 PSYoungGen      total 158208K, used 15868K [0x00000000f5580000, 0x0000000100000000, 0x0000000100000000)
  eden space 142336K, 0% used [0x00000000f5580000,0x00000000f5580000,0x00000000fe080000)
  from space 15872K, 99% used [0x00000000fe080000,0x00000000fefff200,0x00000000ff000000)
  to   space 16384K, 0% used [0x00000000ff000000,0x00000000ff000000,0x0000000100000000)
 ParOldGen       total 175104K, used 19158K [0x00000000e0000000, 0x00000000eab00000, 0x00000000f5580000)
  object space 175104K, 10% used [0x00000000e0000000,0x00000000e12b5a08,0x00000000eab00000)
 Metaspace       used 45801K, capacity 47588K, committed 47744K, reserved 1089536K
  class space    used 6335K, capacity 6755K, committed 6784K, reserved 1048576K
}

