# JRE version: OpenJDK Runtime Environment (8.0_282-b08) (build 1.8.0_282-b08)
# Java VM: OpenJDK 64-Bit Server VM (25.282-b08 mixed mode windows-amd64 compressed oops)
Heap:
 PSYoungGen      total 160256K, used 66383K [0x00000000f5580000, 0x0000000100000000, 0x0000000100000000)
  eden space 145920K, 35% used [0x00000000f5580000,0x00000000f885b488,0x00000000fe400000)
  from space 14336K, 99% used [0x00000000fe400000,0x00000000ff1f8ac0,0x00000000ff200000)
  to   space 14336K, 0% used [0x00000000ff200000,0x00000000ff200000,0x0000000100000000)
 ParOldGen       total 175104K, used 26152K [0x00000000e0000000, 0x00000000eab00000, 0x00000000f5580000)
  object space 175104K, 14% used [0x00000000e0000000,0x00000000e198a230,0x00000000eab00000)
 Metaspace       used 55673K, capacity 58148K, committed 58368K, reserved 1099776K
  class space    used 7774K, capacity 8367K, committed 8448K, reserved 1048576K
GC Heap History (10 events):
Event: 6.351 GC heap before
{Heap before GC invocations=7 (full 1):
 PSYoungGen      total 76288K, used 73997K [0x00000000f5580000, 0x00000000fd900000, 0x0000000100000000)
  eden space 65536K, 100% used [0x00000000f5580000,0x00000000f9580000,0x00000000f9580000)
  from space 10752K, 78% used [0x00000000f9580000,0x00000000f9dc37b8,0x00000000fa000000)
  to   space 11776K, 0% used [0x00000000fcd80000,0x00000000fcd80000,0x00000000fd900000)
 ParOldGen       total 175104K, used 7211K [0x00000000e0000000, 0x00000000eab00000, 0x00000000f5580000)
  object space 175104K, 4% used [0x00000000e0000000,0x00000000e070afb8,0x00000000eab00000)
 Metaspace       used 32106K, capacity 32916K, committed 33152K, reserved 1077248K
  class space    used 4486K, capacity 4719K, committed 4736K, reserved 1048576K
Event: 6.361 GC heap after
Heap after GC invocations=7 (full 1):
 PSYoungGen      total 118272K, used 10239K [0x00000000f5580000, 0x00000000fd780000, 0x0000000100000000)
  eden space 108032K, 0% used [0x00000000f5580000,0x00000000f5580000,0x00000000fbf00000)
  from space 10240K, 99% used [0x00000000fcd80000,0x00000000fd77ffb0,0x00000000fd780000)
  to   space 12288K, 0% used [0x00000000fbf80000,0x00000000fbf80000,0x00000000fcb80000)
 ParOldGen       total 175104K, used 7219K [0x00000000e0000000, 0x00000000eab00000, 0x00000000f5580000)
  object space 175104K, 4% used [0x00000000e0000000,0x00000000e070cfb8,0x00000000eab00000)
 Metaspace       used 32106K, capacity 32916K, committed 33152K, reserved 1077248K
  class space    used 4486K, capacity 4719K, committed 4736K, reserved 1048576K
}
Event: 6.623 GC heap before
{Heap before GC invocations=8 (full 1):
 PSYoungGen      total 118272K, used 50600K [0x00000000f5580000, 0x00000000fd780000, 0x0000000100000000)
  eden space 108032K, 37% used [0x00000000f5580000,0x00000000f7cea1b8,0x00000000fbf00000)
  from space 10240K, 99% used [0x00000000fcd80000,0x00000000fd77ffb0,0x00000000fd780000)
  to   space 12288K, 0% used [0x00000000fbf80000,0x00000000fbf80000,0x00000000fcb80000)
 ParOldGen       total 175104K, used 7219K [0x00000000e0000000, 0x00000000eab00000, 0x00000000f5580000)
  object space 175104K, 4% used [0x00000000e0000000,0x00000000e070cfb8,0x00000000eab00000)
 Metaspace       used 34213K, capacity 35270K, committed 35456K, reserved 1079296K
  class space    used 4816K, capacity 5124K, committed 5248K, reserved 1048576K
Event: 6.631 GC heap after
Heap after GC invocations=8 (full 1):
 PSYoungGen      total 120832K, used 10583K [0x00000000f5580000, 0x0000000100000000, 0x0000000100000000)
  eden space 108544K, 0% used [0x00000000f5580000,0x00000000f5580000,0x00000000fbf80000)
  from space 12288K, 86% used [0x00000000fbf80000,0x00000000fc9d5e68,0x00000000fcb80000)
  to   space 12800K, 0% used [0x00000000ff380000,0x00000000ff380000,0x0000000100000000)
 ParOldGen       total 175104K, used 7227K [0x00000000e0000000, 0x00000000eab00000, 0x00000000f5580000)
  object space 175104K, 4% used [0x00000000e0000000,0x00000000e070efb8,0x00000000eab00000)
 Metaspace       used 34213K, capacity 35270K, committed 35456K, reserved 1079296K
  class space    used 4816K, capacity 5124K, committed 5248K, reserved 1048576K
}
Event: 6.631 GC heap before
{Heap before GC invocations=9 (full 2):
 PSYoungGen      total 120832K, used 10583K [0x00000000f5580000, 0x0000000100000000, 0x0000000100000000)
  eden space 108544K, 0% used [0x00000000f5580000,0x00000000f5580000,0x00000000fbf80000)
  from space 12288K, 86% used [0x00000000fbf80000,0x00000000fc9d5e68,0x00000000fcb80000)
  to   space 12800K, 0% used [0x00000000ff380000,0x00000000ff380000,0x0000000100000000)
 ParOldGen       total 175104K, used 7227K [0x00000000e0000000, 0x00000000eab00000, 0x00000000f5580000)
  object space 175104K, 4% used [0x00000000e0000000,0x00000000e070efb8,0x00000000eab00000)
 Metaspace       used 34213K, capacity 35270K, committed 35456K, reserved 1079296K
  class space    used 4816K, capacity 5124K, committed 5248K, reserved 1048576K
Event: 6.666 GC heap after
Heap after GC invocations=9 (full 2):
 PSYoungGen      total 120832K, used 0K [0x00000000f5580000, 0x0000000100000000, 0x0000000100000000)
  eden space 108544K, 0% used [0x00000000f5580000,0x00000000f5580000,0x00000000fbf80000)
  from space 12288K, 0% used [0x00000000fbf80000,0x00000000fbf80000,0x00000000fcb80000)
  to   space 12800K, 0% used [0x00000000ff380000,0x00000000ff380000,0x0000000100000000)
 ParOldGen       total 175104K, used 16889K [0x00000000e0000000, 0x00000000eab00000, 0x00000000f5580000)
  object space 175104K, 9% used [0x00000000e0000000,0x00000000e107e760,0x00000000eab00000)
 Metaspace       used 34213K, capacity 35270K, committed 35456K, reserved 1079296K
  class space    used 4816K, capacity 5124K, committed 5248K, reserved 1048576K
}
Event: 7.941 GC heap before
{Heap before GC invocations=10 (full 2):
 PSYoungGen      total 120832K, used 108544K [0x00000000f5580000, 0x0000000100000000, 0x0000000100000000)
  eden space 108544K, 100% used [0x00000000f5580000,0x00000000fbf80000,0x00000000fbf80000)
  from space 12288K, 0% used [0x00000000fbf80000,0x00000000fbf80000,0x00000000fcb80000)
  to   space 12800K, 0% used [0x00000000ff380000,0x00000000ff380000,0x0000000100000000)
 ParOldGen       total 175104K, used 16889K [0x00000000e0000000, 0x00000000eab00000, 0x00000000f5580000)
  object space 175104K, 9% used [0x00000000e0000000,0x00000000e107e760,0x00000000eab00000)
 Metaspace       used 43195K, capacity 44928K, committed 45184K, reserved 1087488K
  class space    used 6001K, capacity 6443K, committed 6528K, reserved 1048576K
Event: 7.955 GC heap after
Heap after GC invocations=10 (full 2):
 PSYoungGen      total 158720K, used 12790K [0x00000000f5580000, 0x0000000100000000, 0x0000000100000000)
  eden space 145920K, 0% used [0x00000000f5580000,0x00000000f5580000,0x00000000fe400000)
  from space 12800K, 99% used [0x00000000ff380000,0x00000000ffffd948,0x0000000100000000)
  to   space 14336K, 0% used [0x00000000fe400000,0x00000000fe400000,0x00000000ff200000)
 ParOldGen       total 175104K, used 17317K [0x00000000e0000000, 0x00000000eab00000, 0x00000000f5580000)
  object space 175104K, 9% used [0x00000000e0000000,0x00000000e10e9750,0x00000000eab00000)
 Metaspace       used 43195K, capacity 44928K, committed 45184K, reserved 1087488K
  class space    used 6001K, capacity 6443K, committed 6528K, reserved 1048576K
}
Event: 11.076 GC heap before
{Heap before GC invocations=11 (full 2):
 PSYoungGen      total 158720K, used 158710K [0x00000000f5580000, 0x0000000100000000, 0x0000000100000000)
  eden space 145920K, 100% used [0x00000000f5580000,0x00000000fe400000,0x00000000fe400000)
  from space 12800K, 99% used [0x00000000ff380000,0x00000000ffffd948,0x0000000100000000)
  to   space 14336K, 0% used [0x00000000fe400000,0x00000000fe400000,0x00000000ff200000)
 ParOldGen       total 175104K, used 17317K [0x00000000e0000000, 0x00000000eab00000, 0x00000000f5580000)
  object space 175104K, 9% used [0x00000000e0000000,0x00000000e10e9750,0x00000000eab00000)
 Metaspace       used 52547K, capacity 54674K, committed 54912K, reserved 1095680K
  class space    used 7234K, capacity 7756K, committed 7808K, reserved 1048576K
Event: 11.101 GC heap after
Heap after GC invocations=11 (full 2):
 PSYoungGen      total 160256K, used 14306K [0x00000000f5580000, 0x0000000100000000, 0x0000000100000000)
  eden space 145920K, 0% used [0x00000000f5580000,0x00000000f5580000,0x00000000fe400000)
  from space 14336K, 99% used [0x00000000fe400000,0x00000000ff1f8ac0,0x00000000ff200000)
  to   space 14336K, 0% used [0x00000000ff200000,0x00000000ff200000,0x0000000100000000)
 ParOldGen       total 175104K, used 26152K [0x00000000e0000000, 0x00000000eab00000, 0x00000000f5580000)
  object space 175104K, 14% used [0x00000000e0000000,0x00000000e198a230,0x00000000eab00000)
 Metaspace       used 52547K, capacity 54674K, committed 54912K, reserved 1095680K
  class space    used 7234K, capacity 7756K, committed 7808K, reserved 1048576K
}

